<?xml version="1.0" encoding="utf-8"?><testsuites name="pytest tests"><testsuite name="pytest" errors="0" failures="0" skipped="0" tests="15" time="3.847" timestamp="2026-06-13T20:17:30.394882+00:00" hostname="agent-env-f4a2b624-088a-485b-8fac-bb35085f5b43"><testcase classname="backend.tests.test_raw_materials_iter3.TestRawMaterialsCRUD" name="test_create_raw_material_admin" time="0.603" /><testcase classname="backend.tests.test_raw_materials_iter3.TestRawMaterialsCRUD" name="test_list_raw_materials_contains_created" time="0.103" /><testcase classname="backend.tests.test_raw_materials_iter3.TestRawMaterialsCRUD" name="test_update_raw_material" time="0.113" /><testcase classname="backend.tests.test_raw_materials_iter3.TestRawMaterialsCRUD" name="test_empty_name_returns_400" time="0.097" /><testcase classname="backend.tests.test_raw_materials_iter3.TestRawMaterialsCRUD" name="test_operator_can_list" time="0.453" /><testcase classname="backend.tests.test_raw_materials_iter3.TestRawMaterialsCRUD" name="test_operator_cannot_post" time="0.107" /><testcase classname="backend.tests.test_raw_materials_iter3.TestRawMaterialsCRUD" name="test_operator_cannot_patch" time="0.105" /><testcase classname="backend.tests.test_raw_materials_iter3.TestRawMaterialsCRUD" name="test_operator_cannot_delete" time="0.103" /><testcase classname="backend.tests.test_raw_materials_iter3.TestRawMaterialsCRUD" name="test_delete_raw_material" time="0.386" /><testcase classname="backend.tests.test_raw_materials_iter3.TestSupplierPurchaseLineItems" name="test_create_purchase_with_items" time="0.438" /><testcase classname="backend.tests.test_raw_materials_iter3.TestSupplierPurchaseLineItems" name="test_supplier_ledger_preserves_items" time="0.098" /><testcase classname="backend.tests.test_raw_materials_iter3.TestSupplierPurchaseLineItems" name="test_purchase_no_items_amount_positive" time="0.115" /><testcase classname="backend.tests.test_raw_materials_iter3.TestSupplierPurchaseLineItems" name="test_purchase_zero_amount_rejected" time="0.100" /><testcase classname="backend.tests.test_raw_materials_iter3.TestSupplierPurchaseLineItems" name="test_purchase_negative_amount_rejected" time="0.106" /><testcase classname="backend.tests.test_raw_materials_iter3.TestSupplierPurchaseLineItems" name="test_purchase_with_invalid_raw_material_id_stored_as_is" time="0.830" /></testsuite></testsuites>