<?xml version="1.0" encoding="utf-8"?><testsuites name="pytest tests"><testsuite name="pytest" errors="0" failures="0" skipped="0" tests="16" time="6.636" timestamp="2026-06-13T20:34:00.626225+00:00" hostname="agent-env-f4a2b624-088a-485b-8fac-bb35085f5b43"><testcase classname="backend.tests.test_vendor_price_lists_iter4.TestVendorPriceListCRUD" name="test_create_requires_name" time="0.582" /><testcase classname="backend.tests.test_vendor_price_lists_iter4.TestVendorPriceListCRUD" name="test_create_requires_vendor" time="0.094" /><testcase classname="backend.tests.test_vendor_price_lists_iter4.TestVendorPriceListCRUD" name="test_create_success_and_get" time="0.843" /><testcase classname="backend.tests.test_vendor_price_lists_iter4.TestVendorPriceListItems" name="test_add_item_requires_name" time="0.285" /><testcase classname="backend.tests.test_vendor_price_lists_iter4.TestVendorPriceListItems" name="test_add_item_non_existent_vpl" time="0.095" /><testcase classname="backend.tests.test_vendor_price_lists_iter4.TestVendorPriceListItems" name="test_full_item_lifecycle" time="0.954" /><testcase classname="backend.tests.test_vendor_price_lists_iter4.TestVendorPriceListItems" name="test_cascade_delete_removes_items" time="0.617" /><testcase classname="backend.tests.test_vendor_price_lists_iter4.TestRoleGating" name="test_operator_can_get" time="0.752" /><testcase classname="backend.tests.test_vendor_price_lists_iter4.TestRoleGating" name="test_operator_cannot_create" time="0.100" /><testcase classname="backend.tests.test_vendor_price_lists_iter4.TestRoleGating" name="test_operator_cannot_patch" time="0.292" /><testcase classname="backend.tests.test_vendor_price_lists_iter4.TestRoleGating" name="test_operator_cannot_delete" time="0.311" /><testcase classname="backend.tests.test_vendor_price_lists_iter4.TestRoleGating" name="test_operator_cannot_add_item" time="0.331" /><testcase classname="backend.tests.test_vendor_price_lists_iter4.TestRoleGating" name="test_operator_cannot_patch_item" time="0.478" /><testcase classname="backend.tests.test_vendor_price_lists_iter4.TestRoleGating" name="test_operator_cannot_delete_item" time="0.424" /><testcase classname="backend.tests.test_vendor_price_lists_iter4.TestRegression" name="test_price_lists_still_works" time="0.102" /><testcase classname="backend.tests.test_vendor_price_lists_iter4.TestRegression" name="test_suppliers_still_works" time="0.284" /></testsuite></testsuites>