<?xml version="1.0" encoding="utf-8"?><testsuites name="pytest tests"><testsuite name="pytest" errors="12" failures="15" skipped="2" tests="241" time="66.914" timestamp="2026-06-13T19:59:17.286225+00:00" hostname="agent-env-f4a2b624-088a-485b-8fac-bb35085f5b43"><testcase classname="backend.tests.backend_test.TestAuth" name="test_login_admin" time="0.349" /><testcase classname="backend.tests.backend_test.TestAuth" name="test_login_invalid" time="0.321" /><testcase classname="backend.tests.backend_test.TestAuth" name="test_me" time="0.420" /><testcase classname="backend.tests.backend_test.TestProducts" name="test_list_products" time="0.103" /><testcase classname="backend.tests.backend_test.TestProducts" name="test_create_product_user_forbidden" time="0.416" /><testcase classname="backend.tests.backend_test.TestItems" name="test_list_items" time="0.107" /><testcase classname="backend.tests.backend_test.TestItems" name="test_list_items_filter_by_product" time="0.196" /><testcase classname="backend.tests.backend_test.TestItems" name="test_search_items_side_stand_splendor" time="0.120" /><testcase classname="backend.tests.backend_test.TestItems" name="test_search_items_yamaha" time="0.102" /><testcase classname="backend.tests.backend_test.TestItems" name="test_search_items_empty_query" time="0.100" /><testcase classname="backend.tests.backend_test.TestItems" name="test_get_item_by_id" time="0.200" /><testcase classname="backend.tests.backend_test.TestItems" name="test_get_item_404" time="0.097" /><testcase classname="backend.tests.backend_test.TestCustomers" name="test_create_customer_admin" time="0.111" /><testcase classname="backend.tests.backend_test.TestCustomers" name="test_fuzzy_search_typo" time="0.094" /><testcase classname="backend.tests.backend_test.TestCustomers" name="test_fuzzy_search_lowercase" time="0.099" /><testcase classname="backend.tests.backend_test.TestOrders" name="test_create_order_with_item_id" time="0.290" /><testcase classname="backend.tests.backend_test.TestOrders" name="test_persisted_order_has_item_id" time="0.099" /><testcase classname="backend.tests.backend_test.TestOrders" name="test_merge_with_pending" time="0.213" /><testcase classname="backend.tests.backend_test.TestOrders" name="test_clear_previous_pending" time="0.290" /><testcase classname="backend.tests.backend_test.TestOrders" name="test_update_order_status" time="0.102" /><testcase classname="backend.tests.backend_test.TestOrders" name="test_delete_order_user_forbidden" time="0.090" /><testcase classname="backend.tests.backend_test.TestOrders" name="test_delete_order_admin" time="0.109" /><testcase classname="backend.tests.backend_test.TestVoice" name="test_voice_empty" time="0.106" /><testcase classname="backend.tests.backend_test.TestVoice" name="test_voice_no_auth" time="0.095" /><testcase classname="backend.tests.backend_test.TestDashboard" name="test_summary" time="0.102" /><testcase classname="backend.tests.pytest.test_item_bag_and_partial_dispatch.TestItemBagOverride" name="test_patch_item_admin_sets_override" time="0.609" /><testcase classname="backend.tests.pytest.test_item_bag_and_partial_dispatch.TestItemBagOverride" name="test_patch_item_user_forbidden" time="0.448" /><testcase classname="backend.tests.pytest.test_item_bag_and_partial_dispatch.TestItemBagOverride" name="test_patch_item_invalid_bodies" time="0.333" /><testcase classname="backend.tests.pytest.test_item_bag_and_partial_dispatch.TestItemBagOverride" name="test_patch_item_unknown_404" time="0.097" /><testcase classname="backend.tests.pytest.test_item_bag_and_partial_dispatch.TestItemBagOverride" name="test_dispatch_match_uses_item_override" time="0.444" /><testcase classname="backend.tests.pytest.test_item_bag_and_partial_dispatch.TestItemBagOverride" name="test_delete_bag_override_admin" time="0.335" /><testcase classname="backend.tests.pytest.test_item_bag_and_partial_dispatch.TestItemBagOverride" name="test_delete_bag_override_user_forbidden" time="0.097" /><testcase classname="backend.tests.pytest.test_item_bag_and_partial_dispatch.TestItemBagOverride" name="test_dispatch_match_falls_back_to_product_after_clear" time="0.200" /><testcase classname="backend.tests.pytest.test_item_bag_and_partial_dispatch.TestPartialDispatch" name="test_execute_partial_300" time="0.201" /><testcase classname="backend.tests.pytest.test_item_bag_and_partial_dispatch.TestPartialDispatch" name="test_execute_overshoot_400" time="0.110" /><testcase classname="backend.tests.pytest.test_item_bag_and_partial_dispatch.TestPartialDispatch" name="test_execute_unknown_item_400" time="0.097" /><testcase classname="backend.tests.pytest.test_item_bag_and_partial_dispatch.TestPartialDispatch" name="test_execute_empty_allocations_400" time="0.101" /><testcase classname="backend.tests.pytest.test_item_bag_and_partial_dispatch.TestPartialDispatch" name="test_execute_all_zero_400" time="0.135" /><testcase classname="backend.tests.pytest.test_item_bag_and_partial_dispatch.TestPartialDispatch" name="test_execute_unknown_order_404" time="0.110" /><testcase classname="backend.tests.pytest.test_item_bag_and_partial_dispatch.TestPartialDispatch" name="test_execute_exhaust_to_dispatched" time="0.096" /><testcase classname="backend.tests.pytest.test_item_bag_and_partial_dispatch.TestPartialDispatch" name="test_execute_on_already_dispatched_400" time="0.097" /><testcase classname="backend.tests.pytest.test_item_bag_and_partial_dispatch.TestPartialDispatch" name="test_get_dispatches_history" time="0.093"><failure message="AssertionError: Expected 2 dispatch records, got 1&#10;assert 1 == 2&#10; +  where 1 = len([{'customer_id': 'bc28edca-59c5-4deb-bdae-bf87fd96579e', 'customer_name': 'TEST_PartialDispatch Cust', 'dispatched_at': '2026-06-13T19:59:24.969828+00:00', 'dispatched_by': 'admin@factory.com', ...}])">E   AssertionError: Expected 2 dispatch records, got 1
    assert 1 == 2
     +  where 1 = len([{'customer_id': 'bc28edca-59c5-4deb-bdae-bf87fd96579e', 'customer_name': 'TEST_PartialDispatch Cust', 'dispatched_at': '2026-06-13T19:59:24.969828+00:00', 'dispatched_by': 'admin@factory.com', ...}])</failure></testcase><testcase classname="backend.tests.test_admin_module.TestUserCRUD" name="test_list_users_admin" time="0.414" /><testcase classname="backend.tests.test_admin_module.TestUserCRUD" name="test_list_users_forbidden_for_non_admin" time="0.435" /><testcase classname="backend.tests.test_admin_module.TestUserCRUD" name="test_create_user_role_user_and_admin" time="0.852" /><testcase classname="backend.tests.test_admin_module.TestUserCRUD" name="test_create_user_short_password_rejected" time="0.097" /><testcase classname="backend.tests.test_admin_module.TestUserCRUD" name="test_create_user_invalid_role_rejected" time="0.093" /><testcase classname="backend.tests.test_admin_module.TestUserCRUD" name="test_self_delete_blocked" time="0.102" /><testcase classname="backend.tests.test_admin_module.TestUserCRUD" name="test_delete_user_succeeds" time="0.562" /><testcase classname="backend.tests.test_admin_module.TestUserCRUD" name="test_reset_password_flow" time="1.492" /><testcase classname="backend.tests.test_admin_module.TestItemCRUD" name="test_create_edit_delete_item" time="0.591" /><testcase classname="backend.tests.test_admin_module.TestItemCRUD" name="test_delete_item_blocked_when_referenced" time="0.724" /><testcase classname="backend.tests.test_admin_module.TestItemCRUD" name="test_create_item_forbidden_for_user" time="0.194" /><testcase classname="backend.tests.test_admin_module.TestOrderEdit" name="test_admin_edit_order" time="0.691" /><testcase classname="backend.tests.test_admin_module.TestOrderEdit" name="test_admin_edit_order_status_validation" time="2.869" /><testcase classname="backend.tests.test_admin_module.TestCustomerEdit" name="test_patch_customer" time="0.393" /><testcase classname="backend.tests.test_attestation_and_off_order.TestLoginAttestation" name="test_attestation_with_consent" time="0.413" /><testcase classname="backend.tests.test_attestation_and_off_order.TestLoginAttestation" name="test_attestation_skipped" time="0.461" /><testcase classname="backend.tests.test_attestation_and_off_order.TestLoginAttestation" name="test_attestation_oversized_photo_rejected" time="0.600" /><testcase classname="backend.tests.test_attestation_and_off_order.TestLoginAttestation" name="test_attestation_requires_auth" time="0.096" /><testcase classname="backend.tests.test_attestation_and_off_order.TestLoginAttestation" name="test_admin_can_list_attestations" time="0.440" /><testcase classname="backend.tests.test_attestation_and_off_order.TestLoginAttestation" name="test_non_admin_cannot_list_attestations" time="0.411" /><testcase classname="backend.tests.test_attestation_and_off_order.TestLoginAttestation" name="test_admin_can_fetch_photo" time="0.533" /><testcase classname="backend.tests.test_attestation_and_off_order.TestLoginAttestation" name="test_filter_by_consent" time="0.523" /><testcase classname="backend.tests.test_attestation_and_off_order.TestLoginAttestation" name="test_is_mobile_flag_from_ua" time="0.645" /><testcase classname="backend.tests.test_attestation_and_off_order.TestOffOrderDispatch" name="test_dispatch_to_walkin_party" time="0.537" /><testcase classname="backend.tests.test_attestation_and_off_order.TestOffOrderDispatch" name="test_dispatch_to_existing_customer" time="0.718" /><testcase classname="backend.tests.test_attestation_and_off_order.TestOffOrderDispatch" name="test_rejects_zero_quantity" time="0.529" /><testcase classname="backend.tests.test_attestation_and_off_order.TestOffOrderDispatch" name="test_rejects_missing_customer" time="0.583" /><testcase classname="backend.tests.test_attestation_and_off_order.TestOffOrderDispatch" name="test_rejects_unknown_item" time="0.419" /><testcase classname="backend.tests.test_attestation_and_off_order.TestOffOrderDispatch" name="test_non_admin_cannot_dispatch_off_order" time="0.434" /><testcase classname="backend.tests.test_attestation_and_off_order.TestOffOrderDispatch" name="test_appears_in_daily_report" time="0.634" /><testcase classname="backend.tests.test_dashboard_grand_total" name="test_grand_total_aggregates_across_orders" time="1.413" /><testcase classname="backend.tests.test_dashboard_grand_total" name="test_single_order_shows_count_one" time="0.459" /><testcase classname="backend.tests.test_dispatch_edit_delete_v26.TestPatchDispatch" name="test_patch_dispatch_updates_fields_any_user" time="0.749"><error message="failed on setup with &quot;AssertionError: seed party must have dispatches&#10;assert (True and 0 &gt;= 1)&#10; +  where True = isinstance([], list)&#10; +  and   0 = len([])&quot;">E   AssertionError: seed party must have dispatches
    assert (True and 0 &gt;= 1)
     +  where True = isinstance([], list)
     +  and   0 = len([])</error></testcase><testcase classname="backend.tests.test_dispatch_edit_delete_v26.TestPatchDispatch" name="test_patch_dispatch_negative_total_value_400" time="0.000"><error message="failed on setup with &quot;AssertionError: seed party must have dispatches&#10;assert (True and 0 &gt;= 1)&#10; +  where True = isinstance([], list)&#10; +  and   0 = len([])&quot;">E   AssertionError: seed party must have dispatches
    assert (True and 0 &gt;= 1)
     +  where True = isinstance([], list)
     +  and   0 = len([])</error></testcase><testcase classname="backend.tests.test_dispatch_edit_delete_v26.TestPatchDispatch" name="test_patch_dispatch_missing_404" time="0.104" /><testcase classname="backend.tests.test_dispatch_edit_delete_v26.TestDeleteDispatch" name="test_delete_dispatch_admin_ok_does_not_restore_order" time="0.206"><skipped type="pytest.skip" message="could not create off-order dispatch: 404 {&quot;detail&quot;:&quot;Customer not found&quot;}">/app/backend/tests/test_dispatch_edit_delete_v26.py:117: could not create off-order dispatch: 404 {"detail":"Customer not found"}</skipped></testcase><testcase classname="backend.tests.test_dispatch_edit_delete_v26.TestDeleteDispatch" name="test_delete_dispatch_operator_forbidden" time="0.000"><error message="failed on setup with &quot;AssertionError: seed party must have dispatches&#10;assert (True and 0 &gt;= 1)&#10; +  where True = isinstance([], list)&#10; +  and   0 = len([])&quot;">E   AssertionError: seed party must have dispatches
    assert (True and 0 &gt;= 1)
     +  where True = isinstance([], list)
     +  and   0 = len([])</error></testcase><testcase classname="backend.tests.test_dispatch_edit_delete_v26.TestDeleteDispatch" name="test_delete_dispatch_missing_404" time="0.108" /><testcase classname="backend.tests.test_dispatch_edit_delete_v26.TestPaymentsRegression" name="test_post_patch_delete_payment_flow" time="0.094"><failure message="AssertionError: POST payment failed: 404 {&quot;detail&quot;:&quot;Customer not found&quot;}&#10;assert 404 in (200, 201)&#10; +  where 404 = &lt;Response [404]&gt;.status_code">E   AssertionError: POST payment failed: 404 {"detail":"Customer not found"}
    assert 404 in (200, 201)
     +  where 404 = &lt;Response [404]&gt;.status_code</failure></testcase><testcase classname="backend.tests.test_dispatch_ledger_v2.TestDispatchLedgerAccess" name="test_admin_can_access_ledger" time="0.414" /><testcase classname="backend.tests.test_dispatch_ledger_v2.TestDispatchLedgerAccess" name="test_operator_can_access_ledger" time="0.444" /><testcase classname="backend.tests.test_dispatch_ledger_v2.TestDispatchLedgerAccess" name="test_unauthenticated_blocked" time="0.106" /><testcase classname="backend.tests.test_dispatch_ledger_v2.TestDispatchLedgerAccess" name="test_admin_and_operator_payloads_match" time="0.214" /><testcase classname="backend.tests.test_dispatch_ledger_v2.TestDispatchLedgerSeedData" name="test_seed_customer_has_dispatches" time="0.093"><failure message="AssertionError: Expected &gt;=3 dispatches for seed customer, got 0&#10;assert 0 &gt;= 3&#10; +  where 0 = len([])">E   AssertionError: Expected &gt;=3 dispatches for seed customer, got 0
    assert 0 &gt;= 3
     +  where 0 = len([])</failure></testcase><testcase classname="backend.tests.test_dispatch_ledger_v2.TestDispatchLedgerSeedData" name="test_date_filter_2026_06_12" time="0.108"><failure message="AssertionError: Expected 3 dispatches on 2026-06-12, got 0&#10;assert 0 &gt;= 3&#10; +  where 0 = len([])">E   AssertionError: Expected 3 dispatches on 2026-06-12, got 0
    assert 0 &gt;= 3
     +  where 0 = len([])</failure></testcase><testcase classname="backend.tests.test_dispatch_ledger_v2.TestDispatchLedgerSeedData" name="test_bad_start_date_returns_400" time="0.094" /><testcase classname="backend.tests.test_dispatch_ledger_v2.TestDispatchSlip" name="test_slip_admin" time="0.092"><error message="failed on setup with &quot;AssertionError: No dispatches available to test slip&#10;assert []&quot;">E   AssertionError: No dispatches available to test slip
    assert []</error></testcase><testcase classname="backend.tests.test_dispatch_ledger_v2.TestDispatchSlip" name="test_slip_operator" time="0.000"><error message="failed on setup with &quot;AssertionError: No dispatches available to test slip&#10;assert []&quot;">E   AssertionError: No dispatches available to test slip
    assert []</error></testcase><testcase classname="backend.tests.test_dispatch_ledger_v2.TestDispatchSlip" name="test_slip_404" time="0.127" /><testcase classname="backend.tests.test_dispatch_ledger_v2.TestGrUpdate" name="test_admin_can_set_gr" time="0.094"><error message="failed on setup with &quot;IndexError: list index out of range&quot;">E   IndexError: list index out of range</error></testcase><testcase classname="backend.tests.test_dispatch_ledger_v2.TestGrUpdate" name="test_operator_can_set_gr" time="0.000"><error message="failed on setup with &quot;IndexError: list index out of range&quot;">E   IndexError: list index out of range</error></testcase><testcase classname="backend.tests.test_dispatch_ledger_v2.TestGrUpdate" name="test_gr_404" time="0.097" /><testcase classname="backend.tests.test_dispatch_ledger_v2.TestNoRegression" name="test_endpoint_ok_admin[/api/dashboard/summary]" time="0.108" /><testcase classname="backend.tests.test_dispatch_ledger_v2.TestNoRegression" name="test_endpoint_ok_admin[/api/orders]" time="0.101" /><testcase classname="backend.tests.test_dispatch_ledger_v2.TestNoRegression" name="test_endpoint_ok_admin[/api/customers]" time="0.102" /><testcase classname="backend.tests.test_dispatch_ledger_v2.TestNoRegression" name="test_endpoint_ok_admin[/api/products]" time="0.096" /><testcase classname="backend.tests.test_dispatch_ledger_v2.TestNoRegression" name="test_endpoint_ok_admin[/api/items]" time="0.113" /><testcase classname="backend.tests.test_iteration_12.TestLogin" name="test_login_with_short_admin_username" time="0.316" /><testcase classname="backend.tests.test_iteration_12.TestLogin" name="test_login_with_short_user_username" time="0.315" /><testcase classname="backend.tests.test_iteration_12.TestLogin" name="test_login_with_legacy_email_admin" time="0.342" /><testcase classname="backend.tests.test_iteration_12.TestLogin" name="test_login_with_legacy_email_user" time="0.328" /><testcase classname="backend.tests.test_iteration_12.TestLogin" name="test_login_invalid_credentials" time="0.365" /><testcase classname="backend.tests.test_iteration_12.TestLogin" name="test_login_unknown_user" time="0.092" /><testcase classname="backend.tests.test_iteration_12.TestSettings" name="test_get_settings_default" time="0.428" /><testcase classname="backend.tests.test_iteration_12.TestSettings" name="test_get_settings_requires_auth" time="0.095" /><testcase classname="backend.tests.test_iteration_12.TestSettings" name="test_get_settings_as_user_allowed" time="0.409" /><testcase classname="backend.tests.test_iteration_12.TestSettings" name="test_patch_settings_requires_admin" time="0.414" /><testcase classname="backend.tests.test_iteration_12.TestSettings" name="test_patch_settings_valid_and_persist" time="0.406" /><testcase classname="backend.tests.test_iteration_12.TestSettings" name="test_patch_settings_invalid_zero" time="0.107" /><testcase classname="backend.tests.test_iteration_12.TestSettings" name="test_patch_settings_invalid_negative" time="0.096" /><testcase classname="backend.tests.test_iteration_12.TestSettings" name="test_patch_settings_invalid_too_large" time="0.096" /><testcase classname="backend.tests.test_iteration_12.TestSettings" name="test_patch_settings_non_integer" time="0.091" /><testcase classname="backend.tests.test_iteration_12.TestCustomerDelete" name="test_delete_nonexistent_customer_returns_404" time="0.110" /><testcase classname="backend.tests.test_iteration_12.TestCustomerDelete" name="test_delete_customer_requires_admin" time="0.655" /><testcase classname="backend.tests.test_iteration_12.TestCustomerDelete" name="test_delete_customer_with_orders_blocked_400" time="0.631" /><testcase classname="backend.tests.test_iteration_12.TestCustomerDelete" name="test_delete_customer_success_and_404_after" time="0.395" /><testcase classname="backend.tests.test_iteration_15_regression" name="test_dashboard_summary_has_overdue_and_stats" time="0.421" /><testcase classname="backend.tests.test_iteration_15_regression" name="test_settings_get_then_patch_then_restore" time="0.317" /><testcase classname="backend.tests.test_iteration_15_regression" name="test_customer_delete_smoke" time="0.300" /><testcase classname="backend.tests.test_iteration_15_regression" name="test_voice_transcribe_shape_or_clean_error" time="0.098" /><testcase classname="backend.tests.test_iteration_16_pricing_report.TestPriceLists" name="test_create_appears_in_list" time="0.534" /><testcase classname="backend.tests.test_iteration_16_pricing_report.TestPriceLists" name="test_get_detail_lists_all_skus" time="0.108" /><testcase classname="backend.tests.test_iteration_16_pricing_report.TestPriceLists" name="test_set_item_price_and_verify_persistence" time="0.417" /><testcase classname="backend.tests.test_iteration_16_pricing_report.TestPriceLists" name="test_set_category_discount_rs" time="0.328" /><testcase classname="backend.tests.test_iteration_16_pricing_report.TestPriceLists" name="test_excel_export_xlsx" time="0.174" /><testcase classname="backend.tests.test_iteration_16_pricing_report.TestPriceLists" name="test_excel_import_known_and_unknown" time="0.252" /><testcase classname="backend.tests.test_iteration_16_pricing_report.TestAuthGating" name="test_user_can_view_price_lists" time="0.440" /><testcase classname="backend.tests.test_iteration_16_pricing_report.TestAuthGating" name="test_user_cannot_create_price_list" time="0.095" /><testcase classname="backend.tests.test_iteration_16_pricing_report.TestAuthGating" name="test_user_cannot_set_item_price" time="0.114" /><testcase classname="backend.tests.test_iteration_16_pricing_report.TestAuthGating" name="test_user_cannot_delete_price_list" time="0.110" /><testcase classname="backend.tests.test_iteration_16_pricing_report.TestAuthGating" name="test_user_can_view_daily_report" time="0.094" /><testcase classname="backend.tests.test_iteration_16_pricing_report.TestCustomerFields" name="test_create_with_transport_and_price_list" time="0.193" /><testcase classname="backend.tests.test_iteration_16_pricing_report.TestCustomerFields" name="test_patch_transport_only" time="0.222" /><testcase classname="backend.tests.test_iteration_16_pricing_report.TestCustomerFields" name="test_patch_price_list_only" time="0.200" /><testcase classname="backend.tests.test_iteration_16_pricing_report.TestDispatchPricingAndReport" name="test_dispatch_execute_enriches_pricing" time="0.503"><failure message="assert 0.0 == 180.0 ± 1.8&#10;  &#10;  comparison failed&#10;  Obtained: 0.0&#10;  Expected: 180.0 ± 1.8">E   assert 0.0 == 180.0 ± 1.8
      
      comparison failed
      Obtained: 0.0
      Expected: 180.0 ± 1.8</failure></testcase><testcase classname="backend.tests.test_iteration_16_pricing_report.TestDispatchPricingAndReport" name="test_daily_report_today" time="0.099" /><testcase classname="backend.tests.test_iteration_16_pricing_report.TestDispatchPricingAndReport" name="test_daily_report_past_date_empty" time="0.096" /><testcase classname="backend.tests.test_iteration_16_pricing_report.TestDispatchPricingAndReport" name="test_daily_report_invalid_date" time="0.306" /><testcase classname="backend.tests.test_iteration_16_pricing_report.TestRegression" name="test_customers_list" time="0.106" /><testcase classname="backend.tests.test_iteration_16_pricing_report.TestRegression" name="test_orders_list" time="0.097" /><testcase classname="backend.tests.test_iteration_16_pricing_report.TestRegression" name="test_products_list" time="0.132" /><testcase classname="backend.tests.test_iteration_17_customer_city_location.TestCustomerCityLocation" name="test_create_customer_with_city_location" time="0.625" /><testcase classname="backend.tests.test_iteration_17_customer_city_location.TestCustomerCityLocation" name="test_update_customer_city_location" time="0.447" /><testcase classname="backend.tests.test_iteration_17_customer_city_location.TestDailyDispatchCityLocation" name="test_admin_daily_report_group_has_city_location" time="0.126" /><testcase classname="backend.tests.test_iteration_17_customer_city_location.TestDailyDispatchCityLocation" name="test_non_admin_can_view_daily_report" time="0.419" /><testcase classname="backend.tests.test_iteration_18_bulk_and_ledger.TestBulkDelete" name="test_empty_ids_returns_400" time="0.460" /><testcase classname="backend.tests.test_iteration_18_bulk_and_ledger.TestBulkDelete" name="test_bulk_delete_success" time="0.424" /><testcase classname="backend.tests.test_iteration_18_bulk_and_ledger.TestBulkDelete" name="test_bulk_delete_blocked_by_order" time="0.841" /><testcase classname="backend.tests.test_iteration_18_bulk_and_ledger.TestCustomerImport" name="test_template_download" time="0.119" /><testcase classname="backend.tests.test_iteration_18_bulk_and_ledger.TestCustomerImport" name="test_import_2_new" time="1.132" /><testcase classname="backend.tests.test_iteration_18_bulk_and_ledger.TestCustomerImport" name="test_import_duplicate_in_db" time="0.662" /><testcase classname="backend.tests.test_iteration_18_bulk_and_ledger.TestCustomerImport" name="test_import_duplicate_in_file" time="0.106" /><testcase classname="backend.tests.test_iteration_18_bulk_and_ledger.TestCustomerImport" name="test_import_missing_name_header" time="0.105" /><testcase classname="backend.tests.test_iteration_18_bulk_and_ledger.TestDispatchLedger" name="test_ledger_admin_ok" time="0.200" /><testcase classname="backend.tests.test_iteration_18_bulk_and_ledger.TestDispatchLedger" name="test_ledger_user_forbidden" time="0.419"><failure message="assert 200 == 403&#10; +  where 200 = &lt;Response [200]&gt;.status_code">E   assert 200 == 403
     +  where 200 = &lt;Response [200]&gt;.status_code</failure></testcase><testcase classname="backend.tests.test_iteration_18_bulk_and_ledger.TestDispatchLedger" name="test_patch_gr_admin_and_user" time="0.301" /><testcase classname="backend.tests.test_iteration_18_bulk_and_ledger.TestDispatchLedger" name="test_patch_gr_404" time="0.106" /><testcase classname="backend.tests.test_iteration_18_bulk_and_ledger.TestDispatchLedger" name="test_slip_admin_and_user" time="0.301"><failure message="assert 200 == 403&#10; +  where 200 = &lt;Response [200]&gt;.status_code">E   assert 200 == 403
     +  where 200 = &lt;Response [200]&gt;.status_code</failure></testcase><testcase classname="backend.tests.test_iteration_21_private_mark.TestSeedCustomerPrivateMark" name="test_seed_customer_private_mark_and_transport" time="0.418"><failure message="AssertionError: Seed customer c823afd1-8758-4d3e-a693-63a3a1c4738c not found&#10;assert []">E   AssertionError: Seed customer c823afd1-8758-4d3e-a693-63a3a1c4738c not found
    assert []</failure></testcase><testcase classname="backend.tests.test_iteration_21_private_mark.TestCustomerCrudPrivateMark" name="test_get_returns_private_mark" time="0.209" /><testcase classname="backend.tests.test_iteration_21_private_mark.TestCustomerCrudPrivateMark" name="test_patch_updates_private_mark" time="0.328" /><testcase classname="backend.tests.test_iteration_21_private_mark.TestSlipIncludesPrivateMark" name="test_slip_admin_has_private_mark" time="0.105"><error message="failed on setup with &quot;AssertionError: No dispatches available&#10;assert []&quot;">E   AssertionError: No dispatches available
    assert []</error></testcase><testcase classname="backend.tests.test_iteration_21_private_mark.TestSlipIncludesPrivateMark" name="test_slip_operator_has_private_mark" time="0.338"><error message="failed on setup with &quot;AssertionError: No dispatches available&#10;assert []&quot;">E   AssertionError: No dispatches available
    assert []</error></testcase><testcase classname="backend.tests.test_payments.TestCreatePayment" name="test_create_ok" time="0.403"><failure message="AssertionError: {&quot;detail&quot;:&quot;Customer not found&quot;}&#10;assert 404 == 200&#10; +  where 404 = &lt;Response [404]&gt;.status_code">E   AssertionError: {"detail":"Customer not found"}
    assert 404 == 200
     +  where 404 = &lt;Response [404]&gt;.status_code</failure></testcase><testcase classname="backend.tests.test_payments.TestCreatePayment" name="test_create_missing_customer_returns_404" time="0.099" /><testcase classname="backend.tests.test_payments.TestCreatePayment" name="test_create_amount_zero_returns_400" time="0.091" /><testcase classname="backend.tests.test_payments.TestCreatePayment" name="test_create_amount_negative_returns_400" time="0.096" /><testcase classname="backend.tests.test_payments.TestCreatePayment" name="test_create_amount_missing_returns_422_or_400" time="0.095" /><testcase classname="backend.tests.test_payments.TestCreatePayment" name="test_create_unknown_source_falls_back_to_other" time="0.101"><failure message="AssertionError: {&quot;detail&quot;:&quot;Customer not found&quot;}&#10;assert 404 == 200&#10; +  where 404 = &lt;Response [404]&gt;.status_code">E   AssertionError: {"detail":"Customer not found"}
    assert 404 == 200
     +  where 404 = &lt;Response [404]&gt;.status_code</failure></testcase><testcase classname="backend.tests.test_payments.TestCreatePayment" name="test_operator_can_create_payment" time="0.869"><failure message="AssertionError: {&quot;detail&quot;:&quot;Customer not found&quot;}&#10;assert 404 == 200&#10; +  where 404 = &lt;Response [404]&gt;.status_code">E   AssertionError: {"detail":"Customer not found"}
    assert 404 == 200
     +  where 404 = &lt;Response [404]&gt;.status_code</failure></testcase><testcase classname="backend.tests.test_payments.TestListPayments" name="test_list_by_customer" time="0.132"><failure message="assert 0 &gt;= 1">E   assert 0 &gt;= 1</failure></testcase><testcase classname="backend.tests.test_payments.TestListPayments" name="test_list_date_range_filters" time="0.093"><failure message="assert 0 &gt;= 1">E   assert 0 &gt;= 1</failure></testcase><testcase classname="backend.tests.test_payments.TestListPayments" name="test_operator_can_list" time="0.090" /><testcase classname="backend.tests.test_payments.TestUpdatePayment" name="test_update_amount_and_source" time="0.095"><error message="failed on setup with &quot;assert 404 == 200&#10; +  where 404 = &lt;Response [404]&gt;.status_code&quot;">E   assert 404 == 200
     +  where 404 = &lt;Response [404]&gt;.status_code</error></testcase><testcase classname="backend.tests.test_payments.TestUpdatePayment" name="test_update_amount_zero_400" time="0.101"><error message="failed on setup with &quot;assert 404 == 200&#10; +  where 404 = &lt;Response [404]&gt;.status_code&quot;">E   assert 404 == 200
     +  where 404 = &lt;Response [404]&gt;.status_code</error></testcase><testcase classname="backend.tests.test_payments.TestUpdatePayment" name="test_update_unknown_404" time="0.098" /><testcase classname="backend.tests.test_payments.TestUpdatePayment" name="test_operator_can_update" time="0.105"><error message="failed on setup with &quot;assert 404 == 200&#10; +  where 404 = &lt;Response [404]&gt;.status_code&quot;">E   assert 404 == 200
     +  where 404 = &lt;Response [404]&gt;.status_code</error></testcase><testcase classname="backend.tests.test_payments.TestDeletePayment" name="test_operator_forbidden" time="0.105"><failure message="KeyError: 'id'">E   KeyError: 'id'</failure></testcase><testcase classname="backend.tests.test_payments.TestDeletePayment" name="test_admin_can_delete" time="0.187"><failure message="KeyError: 'id'">E   KeyError: 'id'</failure></testcase><testcase classname="backend.tests.test_payments.TestDispatchLedgerRegression" name="test_admin_ledger" time="0.120" /><testcase classname="backend.tests.test_payments.TestDispatchLedgerRegression" name="test_operator_ledger" time="0.106" /><testcase classname="backend.tests.test_payments.TestCustomersPrivateMarkRegression" name="test_create_with_private_mark" time="0.339" /><testcase classname="backend.tests.test_product_max_per_bag.TestProductMaxPerBag" name="test_list_products" time="0.430" /><testcase classname="backend.tests.test_product_max_per_bag.TestProductMaxPerBag" name="test_update_product_min_equals_max" time="0.422" /><testcase classname="backend.tests.test_product_max_per_bag.TestProductMaxPerBag" name="test_create_product_with_min_equals_max" time="0.225" /><testcase classname="backend.tests.test_product_max_per_bag.TestProductMaxPerBag" name="test_item_bag_override_min_equals_max" time="0.525" /><testcase classname="backend.tests.test_product_max_per_bag.TestProductMaxPerBag" name="test_create_order_bags_uses_max_per_bag" time="0.665" /><testcase classname="backend.tests.test_products_admin.TestAuth" name="test_admin_login" time="0.322" /><testcase classname="backend.tests.test_products_admin.TestAuth" name="test_user_login" time="0.328" /><testcase classname="backend.tests.test_products_admin.TestProducts" name="test_list_15_products" time="0.428" /><testcase classname="backend.tests.test_products_admin.TestProducts" name="test_update_product_min_max_persists" time="0.440" /><testcase classname="backend.tests.test_products_admin.TestProducts" name="test_user_cannot_update_product" time="0.529" /><testcase classname="backend.tests.test_products_admin.TestProducts" name="test_user_cannot_create_product" time="0.094" /><testcase classname="backend.tests.test_products_admin.TestProducts" name="test_create_and_cleanup_product" time="0.101"><skipped type="pytest.skip" message="TEST PRODUCT already exists from previous run; no DELETE endpoint available">/app/backend/tests/test_products_admin.py:96: TEST PRODUCT already exists from previous run; no DELETE endpoint available</skipped></testcase><testcase classname="backend.tests.test_products_admin.TestProducts" name="test_update_missing_product_returns_404" time="0.097" /><testcase classname="backend.tests.test_products_admin.TestItems" name="test_items_count_388" time="0.105" /><testcase classname="backend.tests.test_products_admin.TestItems" name="test_search_yamaha" time="0.112" /><testcase classname="backend.tests.test_products_admin.TestItems" name="test_search_side_stand_splendor" time="0.105" /><testcase classname="backend.tests.test_restore_smoke.TestAuth" name="test_login_admin" time="0.333" /><testcase classname="backend.tests.test_restore_smoke.TestAuth" name="test_login_user" time="0.269" /><testcase classname="backend.tests.test_restore_smoke.TestAuth" name="test_login_bad" time="0.270" /><testcase classname="backend.tests.test_restore_smoke.TestAuth" name="test_me_admin" time="0.318" /><testcase classname="backend.tests.test_restore_smoke.TestProducts" name="test_list_products" time="0.050" /><testcase classname="backend.tests.test_restore_smoke.TestProducts" name="test_patch_product_admin" time="0.193" /><testcase classname="backend.tests.test_restore_smoke.TestProducts" name="test_patch_product_forbidden_for_user" time="0.364" /><testcase classname="backend.tests.test_restore_smoke.TestItems" name="test_list_items" time="0.068" /><testcase classname="backend.tests.test_restore_smoke.TestItems" name="test_items_search" time="0.048" /><testcase classname="backend.tests.test_restore_smoke.TestCustomers" name="test_list_customers" time="0.048" /><testcase classname="backend.tests.test_restore_smoke.TestCustomers" name="test_create_customer_admin" time="0.144" /><testcase classname="backend.tests.test_restore_smoke.TestCustomers" name="test_create_customer_user_forbidden" time="0.048" /><testcase classname="backend.tests.test_restore_smoke.TestOrders" name="test_create_order" time="0.360" /><testcase classname="backend.tests.test_restore_smoke.TestDashboard" name="test_summary" time="0.052" /><testcase classname="backend.tests.test_restore_smoke.TestDispatch" name="test_match" time="0.109" /><testcase classname="backend.tests.test_restore_smoke.TestSettings" name="test_get_settings_admin" time="0.052" /><testcase classname="backend.tests.test_restore_smoke.TestSettings" name="test_get_settings_user_forbidden_or_readable" time="0.049" /><testcase classname="backend.tests.test_restore_smoke.TestSettings" name="test_patch_settings_admin" time="0.198" /><testcase classname="backend.tests.test_restore_smoke.TestUsersAdmin" name="test_list_users" time="0.051" /><testcase classname="backend.tests.test_restore_smoke.TestUsersAdmin" name="test_create_reset_delete_user" time="0.865" /><testcase classname="backend.tests.test_restore_smoke.TestUsersAdmin" name="test_users_forbidden_for_user" time="0.048" /><testcase classname="backend.tests.test_status_validation" name="test_status_delivered_rejected" time="0.625" /><testcase classname="backend.tests.test_status_validation" name="test_status_valid_accepted[Pending]" time="0.218" /><testcase classname="backend.tests.test_status_validation" name="test_status_valid_accepted[Dispatched]" time="0.206" /><testcase classname="backend.tests.test_status_validation" name="test_status_valid_accepted[Cleared]" time="0.215" /><testcase classname="backend.tests.test_status_validation" name="test_no_orders_with_delivered_status" time="0.157" /><testcase classname="backend.tests.test_strict_itemwise.TestOrderStrictItemwise" name="test_order_missing_item_id_returns_422" time="0.507" /><testcase classname="backend.tests.test_strict_itemwise.TestOrderStrictItemwise" name="test_order_missing_only_item_name_returns_422" time="0.201" /><testcase classname="backend.tests.test_strict_itemwise.TestOrderStrictItemwise" name="test_order_unknown_item_id_returns_400" time="0.095" /><testcase classname="backend.tests.test_strict_itemwise.TestOrderStrictItemwise" name="test_valid_order_succeeds" time="0.108" /><testcase classname="backend.tests.test_strict_itemwise.TestDashboardItemwise" name="test_dashboard_returns_item_totals" time="0.103" /><testcase classname="backend.tests.test_strict_itemwise.TestDashboardItemwise" name="test_dashboard_party_breakdown_has_item_chips" time="0.108" /><testcase classname="backend.tests.test_strict_itemwise.TestDispatchItemwise" name="test_dispatch_match_accepts_item_id_keys" time="0.224" /><testcase classname="backend.tests.test_strict_itemwise.TestDispatchItemwise" name="test_dispatch_match_leftover_with_item_metadata" time="0.212" /><testcase classname="backend.tests.test_voice_iteration_15" name="test_hinglish_quantity_parses" time="0.006" /><testcase classname="backend.tests.test_voice_iteration_15" name="test_english_quantity_parses" time="0.002" /><testcase classname="backend.tests.test_voice_iteration_15" name="test_devanagari_quantity_parses" time="0.002" /><testcase classname="backend.tests.test_voice_iteration_15" name="test_word_number_misspellings" time="0.000" /><testcase classname="backend.tests.test_voice_iteration_15" name="test_customer_fuzzy_match_exact" time="0.001" /><testcase classname="backend.tests.test_voice_iteration_15" name="test_customer_fuzzy_match_partial_misspelled" time="0.001" /><testcase classname="backend.tests.test_voice_iteration_15" name="test_customer_fuzzy_no_match_returns_none" time="0.423" /></testsuite></testsuites>