<?xml version="1.0" encoding="utf-8"?><testsuites name="pytest tests"><testsuite name="pytest" errors="0" failures="0" skipped="0" tests="29" time="7.444" timestamp="2026-06-13T20:17:49.744058+00:00" hostname="agent-env-f4a2b624-088a-485b-8fac-bb35085f5b43"><testcase classname="backend.tests.test_realistic_smoke_iter1.TestAuth" name="test_admin_login" time="0.466" /><testcase classname="backend.tests.test_realistic_smoke_iter1.TestAuth" name="test_operator_login" time="0.431" /><testcase classname="backend.tests.test_realistic_smoke_iter1.TestAuth" name="test_bad_password" time="0.351" /><testcase classname="backend.tests.test_realistic_smoke_iter1.TestCustomers" name="test_create_list_update_delete" time="0.430" /><testcase classname="backend.tests.test_realistic_smoke_iter1.TestCustomers" name="test_operator_cannot_create_customer" time="0.105" /><testcase classname="backend.tests.test_realistic_smoke_iter1.TestProductsItems" name="test_products_seeded" time="0.107" /><testcase classname="backend.tests.test_realistic_smoke_iter1.TestProductsItems" name="test_items_seeded" time="0.104" /><testcase classname="backend.tests.test_realistic_smoke_iter1.TestOrdersDispatch" name="test_create_order_admin" time="0.313" /><testcase classname="backend.tests.test_realistic_smoke_iter1.TestOrdersDispatch" name="test_operator_create_order" time="0.099" /><testcase classname="backend.tests.test_realistic_smoke_iter1.TestOrdersDispatch" name="test_dispatch_execute_and_same_day_merge" time="0.394" /><testcase classname="backend.tests.test_realistic_smoke_iter1.TestPayments" name="test_cash_payment_admin" time="0.190" /><testcase classname="backend.tests.test_realistic_smoke_iter1.TestPayments" name="test_operator_can_create_payment" time="0.098" /><testcase classname="backend.tests.test_realistic_smoke_iter1.TestPayments" name="test_unknown_source_falls_back_to_other" time="0.113" /><testcase classname="backend.tests.test_realistic_smoke_iter1.TestPayments" name="test_amount_zero_rejected" time="0.096" /><testcase classname="backend.tests.test_realistic_smoke_iter1.TestPayments" name="test_customer_not_found" time="0.099" /><testcase classname="backend.tests.test_realistic_smoke_iter1.TestPayments" name="test_list_by_customer" time="0.096" /><testcase classname="backend.tests.test_realistic_smoke_iter1.TestPayments" name="test_update_payment_amount" time="0.187" /><testcase classname="backend.tests.test_realistic_smoke_iter1.TestPayments" name="test_delete_payment_operator_forbidden" time="0.294" /><testcase classname="backend.tests.test_realistic_smoke_iter1.TestSuppliers" name="test_suppliers_mutations_admin_only" time="0.102" /><testcase classname="backend.tests.test_realistic_smoke_iter1.TestSuppliers" name="test_supplier_crud_and_ledger" time="0.378" /><testcase classname="backend.tests.test_realistic_smoke_iter1.TestVoice" name="test_voice_parse_text" time="0.107" /><testcase classname="backend.tests.test_realistic_smoke_iter1.TestSettings" name="test_get_settings" time="0.091" /><testcase classname="backend.tests.test_realistic_smoke_iter1.TestSettings" name="test_update_settings" time="0.199" /><testcase classname="backend.tests.test_realistic_smoke_iter1.TestReports" name="test_daily_report" time="0.103" /><testcase classname="backend.tests.test_realistic_smoke_iter1.TestDispatchLedger" name="test_list_admin" time="0.094" /><testcase classname="backend.tests.test_realistic_smoke_iter1.TestDispatchLedger" name="test_list_operator_accessible" time="0.130" /><testcase classname="backend.tests.test_realistic_smoke_iter1.TestDispatchLedger" name="test_gr_update_admin_and_operator" time="0.316" /><testcase classname="backend.tests.test_realistic_smoke_iter1.TestAttestations" name="test_list_admin" time="0.097" /><testcase classname="backend.tests.test_realistic_smoke_iter1.TestAttestations" name="test_list_operator_forbidden" time="1.779" /></testsuite></testsuites>